<?xml version="1.0" encoding="UTF-8"?>
<robot generator="Robot 4.1.3 (Python 3.10.2 on win32)" generated="20220317 20:21:51.764" rpa="false" schemaversion="2">
<suite id="s1" name="Webautomation" source="C:\Users\User\Desktop\Curso Robot PHA\webautomation.robot">
<test id="s1-t1" name="Cenário: pesquisar produto">
<kw name="Open Browser" library="SeleniumLibrary">
<arg>about:blank</arg>
<arg>chrome</arg>
<doc>Opens a new browser instance to the optional ``url``.</doc>
<msg timestamp="20220317 20:21:52.265" level="INFO">Opening browser 'chrome' to base url 'about:blank'.</msg>
<status status="PASS" starttime="20220317 20:21:52.264" endtime="20220317 20:21:54.235"/>
</kw>
<kw name="Go To" library="SeleniumLibrary">
<arg>http://automationpractice.com/index.php</arg>
<doc>Navigates the current browser window to the provided ``url``.</doc>
<msg timestamp="20220317 20:21:54.243" level="INFO">Opening url 'http://automationpractice.com/index.php'</msg>
<status status="PASS" starttime="20220317 20:21:54.243" endtime="20220317 20:21:56.808"/>
</kw>
<kw name="Maximize Browser Window" library="SeleniumLibrary">
<doc>Maximizes current browser window.</doc>
<status status="PASS" starttime="20220317 20:21:56.808" endtime="20220317 20:21:56.986"/>
</kw>
<kw name="Title Should Be" library="SeleniumLibrary">
<arg>My Store</arg>
<doc>Verifies that the current page title equals ``title``.</doc>
<msg timestamp="20220317 20:21:57.051" level="INFO">Page title is 'My Store'.</msg>
<status status="PASS" starttime="20220317 20:21:56.988" endtime="20220317 20:21:57.051"/>
</kw>
<kw name="Wait Until Element Is Visible" library="SeleniumLibrary">
<arg>id=search_query_top</arg>
<arg>10</arg>
<doc>Waits until the element ``locator`` is visible.</doc>
<status status="PASS" starttime="20220317 20:21:57.052" endtime="20220317 20:21:57.097"/>
</kw>
<kw name="Input Text" library="SeleniumLibrary">
<arg>id=search_query_top</arg>
<arg>Blouse</arg>
<doc>Types the given ``text`` into the text field identified by ``locator``.</doc>
<msg timestamp="20220317 20:21:57.099" level="INFO">Typing text 'Blouse' into text field 'id=search_query_top'.</msg>
<status status="PASS" starttime="20220317 20:21:57.099" endtime="20220317 20:21:57.227"/>
</kw>
<kw name="Wait Until Element Is Visible" library="SeleniumLibrary">
<arg>xpath=//*[@name="submit_search"]</arg>
<doc>Waits until the element ``locator`` is visible.</doc>
<status status="PASS" starttime="20220317 20:21:57.234" endtime="20220317 20:21:57.285"/>
</kw>
<kw name="Click Element" library="SeleniumLibrary">
<arg>xpath=//*[@name="submit_search"]</arg>
<doc>Click the element identified by ``locator``.</doc>
<msg timestamp="20220317 20:21:57.286" level="INFO">Clicking element 'xpath=//*[@name="submit_search"]'.</msg>
<status status="PASS" starttime="20220317 20:21:57.286" endtime="20220317 20:21:58.384"/>
</kw>
<kw name="Wait Until Element Is Visible" library="SeleniumLibrary">
<arg>id=center_column</arg>
<doc>Waits until the element ``locator`` is visible.</doc>
<status status="PASS" starttime="20220317 20:21:58.384" endtime="20220317 20:21:58.423"/>
</kw>
<kw name="Title Should Be" library="SeleniumLibrary">
<arg>Search - My Store</arg>
<doc>Verifies that the current page title equals ``title``.</doc>
<msg timestamp="20220317 20:21:58.433" level="INFO">Page title is 'Search - My Store'.</msg>
<status status="PASS" starttime="20220317 20:21:58.424" endtime="20220317 20:21:58.434"/>
</kw>
<kw name="Page Should Contain Image" library="SeleniumLibrary">
<arg>xpath=//*[@src='http://automationpractice.com/img/p/7/7-home_default.jpg']</arg>
<doc>Verifies image identified by ``locator`` is found from current page.</doc>
<msg timestamp="20220317 20:21:58.494" level="INFO">Current page contains image 'xpath=//*[@src='http://automationpractice.com/img/p/7/7-home_default.jpg']'.</msg>
<status status="PASS" starttime="20220317 20:21:58.434" endtime="20220317 20:21:58.495"/>
</kw>
<kw name="Capture Page Screenshot" library="SeleniumLibrary">
<doc>Takes a screenshot of the current page and embeds it into a log file.</doc>
<msg timestamp="20220317 20:21:58.659" level="INFO" html="true">&lt;/td&gt;&lt;/tr&gt;&lt;tr&gt;&lt;td colspan="3"&gt;&lt;a href="selenium-screenshot-1.png"&gt;&lt;img src="selenium-screenshot-1.png" width="800px"&gt;&lt;/a&gt;</msg>
<status status="PASS" starttime="20220317 20:21:58.496" endtime="20220317 20:21:58.659"/>
</kw>
<kw name="Close Browser" library="SeleniumLibrary">
<doc>Closes the current browser.</doc>
<status status="PASS" starttime="20220317 20:21:58.660" endtime="20220317 20:22:01.039"/>
</kw>
<status status="PASS" starttime="20220317 20:21:52.263" endtime="20220317 20:22:01.040"/>
</test>
<doc>Aqui neste vão estar presentes todos os testes web
automatizados com suas devidas keywords</doc>
<status status="PASS" starttime="20220317 20:21:51.767" endtime="20220317 20:22:01.043"/>
</suite>
<statistics>
<total>
<stat pass="1" fail="0" skip="0">All Tests</stat>
</total>
<tag>
</tag>
<suite>
<stat pass="1" fail="0" skip="0" id="s1" name="Webautomation">Webautomation</stat>
</suite>
</statistics>
<errors>
</errors>
</robot>
