<?xml version="1.0" encoding="UTF-8"?>
<robot generator="Robot 4.1.3 (Python 3.10.2 on win32)" generated="20220318 19:13:22.675" rpa="false" schemaversion="2">
<suite id="s1" name="Pesquisa" source="C:\Users\User\Desktop\Curso Robot PHA\tests\features\pesquisa.robot">
<test id="s1-t1" name="Caso de Teste 02: Pesquisar produto não existente">
<kw name="Abrir navegador" library="hooks" type="SETUP">
<kw name="Open Browser" library="SeleniumLibrary">
<arg>about:blank</arg>
<arg>chrome</arg>
<doc>Opens a new browser instance to the optional ``url``.</doc>
<msg timestamp="20220318 19:13:23.094" level="INFO">Opening browser 'chrome' to base url 'about:blank'.</msg>
<status status="PASS" starttime="20220318 19:13:23.093" endtime="20220318 19:13:25.106"/>
</kw>
<kw name="Go To" library="SeleniumLibrary">
<arg>http://automationpractice.com/index.php</arg>
<doc>Navigates the current browser window to the provided ``url``.</doc>
<msg timestamp="20220318 19:13:25.107" level="INFO">Opening url 'http://automationpractice.com/index.php'</msg>
<status status="PASS" starttime="20220318 19:13:25.106" endtime="20220318 19:13:28.114"/>
</kw>
<kw name="Maximize Browser Window" library="SeleniumLibrary">
<doc>Maximizes current browser window.</doc>
<status status="PASS" starttime="20220318 19:13:28.114" endtime="20220318 19:13:28.365"/>
</kw>
<status status="PASS" starttime="20220318 19:13:23.092" endtime="20220318 19:13:28.366"/>
</kw>
<kw name="Acessar a página home do site Automation Practice" library="kws_pesquisa">
<kw name="Title Should Be" library="SeleniumLibrary">
<arg>${HOME_PAGE.title}</arg>
<doc>Verifies that the current page title equals ``title``.</doc>
<msg timestamp="20220318 19:13:28.378" level="INFO">Page title is 'My Store'.</msg>
<status status="PASS" starttime="20220318 19:13:28.368" endtime="20220318 19:13:28.378"/>
</kw>
<kw name="Wait Until Element Is Visible" library="SeleniumLibrary">
<arg>${HOME_PAGE.input_busca}</arg>
<arg>10</arg>
<doc>Waits until the element ``locator`` is visible.</doc>
<status status="PASS" starttime="20220318 19:13:28.379" endtime="20220318 19:13:28.436"/>
</kw>
<status status="PASS" starttime="20220318 19:13:28.367" endtime="20220318 19:13:28.437"/>
</kw>
<kw name="Digitar o nome do produto &quot;itemNãoExistente&quot; no campo de pesquisa" library="kws_pesquisa" sourcename="Digitar o nome do produto &quot;${PRODUTO}&quot; no campo de pesquisa">
<kw name="Input Text" library="SeleniumLibrary">
<arg>${HOME_PAGE.input_busca}</arg>
<arg>${PRODUTO}</arg>
<doc>Types the given ``text`` into the text field identified by ``locator``.</doc>
<msg timestamp="20220318 19:13:28.440" level="INFO">Typing text 'itemNãoExistente' into text field 'search_query_top'.</msg>
<status status="PASS" starttime="20220318 19:13:28.438" endtime="20220318 19:13:28.590"/>
</kw>
<status status="PASS" starttime="20220318 19:13:28.437" endtime="20220318 19:13:28.590"/>
</kw>
<kw name="Clicar no botão pesquisar" library="kws_pesquisa">
<kw name="Wait Until Element Is Visible" library="SeleniumLibrary">
<arg>${HOME_PAGE.btn_buscar}</arg>
<doc>Waits until the element ``locator`` is visible.</doc>
<status status="PASS" starttime="20220318 19:13:28.593" endtime="20220318 19:13:28.638"/>
</kw>
<kw name="Click Element" library="SeleniumLibrary">
<arg>${HOME_PAGE.btn_buscar}</arg>
<doc>Click the element identified by ``locator``.</doc>
<msg timestamp="20220318 19:13:28.640" level="INFO">Clicking element '//*[@class="btn btn-default button-search"]'.</msg>
<status status="PASS" starttime="20220318 19:13:28.638" endtime="20220318 19:13:31.838"/>
</kw>
<status status="PASS" starttime="20220318 19:13:28.592" endtime="20220318 19:13:31.838"/>
</kw>
<kw name="Conferir mensagem &quot;No results were found for your search&quot;" library="kws_pesquisa" sourcename="Conferir mensagem &quot;${MENSAGEM}&quot;">
<kw name="Wait Until Page Contains" library="SeleniumLibrary">
<arg>${MENSAGEM}</arg>
<doc>Waits until ``text`` appears on the current page.</doc>
<status status="PASS" starttime="20220318 19:13:31.840" endtime="20220318 19:13:31.858"/>
</kw>
<status status="PASS" starttime="20220318 19:13:31.840" endtime="20220318 19:13:31.858"/>
</kw>
<kw name="Fechar navegador" library="hooks" type="TEARDOWN">
<kw name="Capture Page Screenshot" library="SeleniumLibrary">
<doc>Takes a screenshot of the current page and embeds it into a log file.</doc>
<msg timestamp="20220318 19:13:31.990" level="INFO" html="true">&lt;/td&gt;&lt;/tr&gt;&lt;tr&gt;&lt;td colspan="3"&gt;&lt;a href="selenium-screenshot-3.png"&gt;&lt;img src="selenium-screenshot-3.png" width="800px"&gt;&lt;/a&gt;</msg>
<status status="PASS" starttime="20220318 19:13:31.859" endtime="20220318 19:13:31.991"/>
</kw>
<kw name="Close Browser" library="SeleniumLibrary">
<doc>Closes the current browser.</doc>
<status status="PASS" starttime="20220318 19:13:31.991" endtime="20220318 19:13:34.531"/>
</kw>
<status status="PASS" starttime="20220318 19:13:31.859" endtime="20220318 19:13:34.531"/>
</kw>
<tag>PESQUISA2</tag>
<status status="PASS" starttime="20220318 19:13:23.091" endtime="20220318 19:13:34.533"/>
</test>
<doc>Aqui neste arquivo estarão presentes todos os testes
Web automatizados com suas Keywords.</doc>
<status status="PASS" starttime="20220318 19:13:22.677" endtime="20220318 19:13:34.539"/>
</suite>
<statistics>
<total>
<stat pass="1" fail="0" skip="0">All Tests</stat>
</total>
<tag>
<stat pass="1" fail="0" skip="0">PESQUISA2</stat>
</tag>
<suite>
<stat pass="1" fail="0" skip="0" id="s1" name="Pesquisa">Pesquisa</stat>
</suite>
</statistics>
<errors>
</errors>
</robot>
